Info 0    [23:43:47.437] Starting TS Server
Info 1    [23:43:47.486] Version: 4.0.2
Info 2    [23:43:47.486] Arguments: /usr/local/bin/node /usr/local/bin/tsserver --logFile /home/tekipeps/Desktop/Part9/.log/tsserver.log --logVerbosity info --cancellationPipeName /tmp/9faf46393e432107af1bd4990af93791/tscancellation*
Info 3    [23:43:47.487] Platform: linux NodeVersion: 12 CaseSensitive: true
Info 4    [23:43:47.487] ServerMode: undefined syntaxOnly: false hasUnknownServerMode: undefined
Info 5    [23:43:47.506] Search path: /home/tekipeps/Desktop/Part9/ReactWithTypes/src
Info 6    [23:43:47.507] For info: /home/tekipeps/Desktop/Part9/ReactWithTypes/src/index.tsx :: Config file name: /home/tekipeps/Desktop/Part9/ReactWithTypes/tsconfig.json
Info 7    [23:43:47.508] Opened configuration file /home/tekipeps/Desktop/Part9/ReactWithTypes/tsconfig.json
Info 8    [23:43:47.592] Config: /home/tekipeps/Desktop/Part9/ReactWithTypes/tsconfig.json : {
 "rootNames": [
  "/home/tekipeps/Desktop/Part9/ReactWithTypes/src/index.tsx",
  "/home/tekipeps/Desktop/Part9/ReactWithTypes/src/react-app-env.d.ts",
  "/home/tekipeps/Desktop/Part9/ReactWithTypes/src/types.tsx",
  "/home/tekipeps/Desktop/Part9/ReactWithTypes/src/utils.tsx",
  "/home/tekipeps/Desktop/Part9/ReactWithTypes/src/components/Content.tsx",
  "/home/tekipeps/Desktop/Part9/ReactWithTypes/src/components/Header.tsx",
  "/home/tekipeps/Desktop/Part9/ReactWithTypes/src/components/Part.tsx",
  "/home/tekipeps/Desktop/Part9/ReactWithTypes/src/components/Total.tsx"
 ],
 "options": {
  "target": 1,
  "lib": [
   "lib.dom.d.ts",
   "lib.dom.iterable.d.ts",
   "lib.esnext.d.ts"
  ],
  "allowJs": true,
  "skipLibCheck": true,
  "esModuleInterop": true,
  "allowSyntheticDefaultImports": true,
  "strict": true,
  "forceConsistentCasingInFileNames": true,
  "module": 99,
  "moduleResolution": 2,
  "resolveJsonModule": true,
  "isolatedModules": true,
  "noEmit": true,
  "jsx": 2,
  "configFilePath": "/home/tekipeps/Desktop/Part9/ReactWithTypes/tsconfig.json"
 }
}
Info 9    [23:43:49.377] Starting updateGraphWorker: Project: /home/tekipeps/Desktop/Part9/ReactWithTypes/tsconfig.json
Info 10   [23:44:35.412] Finishing updateGraphWorker: Project: /home/tekipeps/Desktop/Part9/ReactWithTypes/tsconfig.json Version: 1 structureChanged: true Elapsed: 46034ms
Info 11   [23:44:35.412] Project '/home/tekipeps/Desktop/Part9/ReactWithTypes/tsconfig.json' (Configured)
Info 12   [23:44:35.412] 	Files (148)

Info 13   [23:44:35.412] -----------------------------------------------
Info 14   [23:44:35.498] Starting updateGraphWorker: Project: /dev/null/autoImportProviderProject1*
Info 15   [23:44:35.709] Finishing updateGraphWorker: Project: /dev/null/autoImportProviderProject1* Version: 1 structureChanged: true Elapsed: 211ms
Info 16   [23:44:35.709] Project '/dev/null/autoImportProviderProject1*' (AutoImportProvider)
Info 17   [23:44:35.709] 	Files (2)

Info 18   [23:44:35.709] -----------------------------------------------
Info 19   [1:10:6.317] Search path: /home/tekipeps/Desktop/Part9/PatientorBackend/src
Info 20   [1:10:6.318] For info: /home/tekipeps/Desktop/Part9/PatientorBackend/src/utils.ts :: Config file name: /home/tekipeps/Desktop/Part9/PatientorBackend/tsconfig.json
Info 21   [1:10:6.318] Opened configuration file /home/tekipeps/Desktop/Part9/PatientorBackend/tsconfig.json
Info 22   [1:10:6.361] Config: /home/tekipeps/Desktop/Part9/PatientorBackend/tsconfig.json : {
 "rootNames": [
  "/home/tekipeps/Desktop/Part9/PatientorBackend/index.ts",
  "/home/tekipeps/Desktop/Part9/PatientorBackend/types.ts",
  "/home/tekipeps/Desktop/Part9/PatientorBackend/src/utils.ts",
  "/home/tekipeps/Desktop/Part9/PatientorBackend/src/routes/diagnoses.ts",
  "/home/tekipeps/Desktop/Part9/PatientorBackend/src/routes/patients.ts",
  "/home/tekipeps/Desktop/Part9/PatientorBackend/src/services/diagnoseService.ts",
  "/home/tekipeps/Desktop/Part9/PatientorBackend/src/services/patientService.ts"
 ],
 "options": {
  "target": 1,
  "module": 1,
  "outDir": "/home/tekipeps/Desktop/Part9/PatientorBackend/build",
  "resolveJsonModule": true,
  "strict": true,
  "noImplicitAny": true,
  "noUnusedLocals": true,
  "noUnusedParameters": true,
  "noImplicitReturns": true,
  "noFallthroughCasesInSwitch": true,
  "esModuleInterop": true,
  "skipLibCheck": true,
  "forceConsistentCasingInFileNames": true,
  "configFilePath": "/home/tekipeps/Desktop/Part9/PatientorBackend/tsconfig.json"
 }
}
Info 23   [1:10:6.846] Starting updateGraphWorker: Project: /home/tekipeps/Desktop/Part9/PatientorBackend/tsconfig.json
Info 24   [1:10:7.896] Finishing updateGraphWorker: Project: /home/tekipeps/Desktop/Part9/PatientorBackend/tsconfig.json Version: 1 structureChanged: true Elapsed: 1049ms
Info 25   [1:10:7.896] Project '/home/tekipeps/Desktop/Part9/PatientorBackend/tsconfig.json' (Configured)
Info 26   [1:10:7.896] 	Files (105)

Info 27   [1:10:7.896] -----------------------------------------------
Info 28   [1:10:28.941] Search path: /home/tekipeps/Desktop/Part9/PatientorBackend/src/routes
Info 29   [1:10:28.942] For info: /home/tekipeps/Desktop/Part9/PatientorBackend/src/routes/patients.ts :: Config file name: /home/tekipeps/Desktop/Part9/PatientorBackend/tsconfig.json
Info 30   [1:12:6.566] Search path: /home/tekipeps/Desktop/Part9/PatientorBackend
Info 31   [1:12:6.567] For info: /home/tekipeps/Desktop/Part9/PatientorBackend/types.ts :: Config file name: /home/tekipeps/Desktop/Part9/PatientorBackend/tsconfig.json
Info 32   [1:12:55.217] Starting updateGraphWorker: Project: /home/tekipeps/Desktop/Part9/PatientorBackend/tsconfig.json
Info 33   [1:12:55.239] Finishing updateGraphWorker: Project: /home/tekipeps/Desktop/Part9/PatientorBackend/tsconfig.json Version: 2 structureChanged: false Elapsed: 22ms
Info 34   [1:12:55.239] Different program with same set of files:: oldProgram.structureIsReused:: 2
Info 35   [1:13:1.451] Starting updateGraphWorker: Project: /home/tekipeps/Desktop/Part9/PatientorBackend/tsconfig.json
Info 36   [1:13:1.476] Finishing updateGraphWorker: Project: /home/tekipeps/Desktop/Part9/PatientorBackend/tsconfig.json Version: 3 structureChanged: false Elapsed: 24ms
Info 37   [1:13:1.476] Different program with same set of files:: oldProgram.structureIsReused:: 2
Info 38   [1:13:1.477] getCompletionData: Get current token: 0
Info 39   [1:13:1.477] getCompletionData: Is inside comment: 0
Info 40   [1:13:1.477] getCompletionData: Get previous token 1: 0
Info 41   [1:13:1.477] getCompletionData: Get previous token 2: 0
Info 42   [1:13:1.478] getCompletionsAtPosition: isCompletionListBlocker: 0
Info 43   [1:13:1.479] getCompletionData: Semantic work: 0
Info 44   [1:13:1.479] getCompletionsAtPosition: getCompletionEntriesFromSymbols: 0
Info 45   [1:13:1.681] Starting updateGraphWorker: Project: /home/tekipeps/Desktop/Part9/PatientorBackend/tsconfig.json
Info 46   [1:13:1.690] Finishing updateGraphWorker: Project: /home/tekipeps/Desktop/Part9/PatientorBackend/tsconfig.json Version: 4 structureChanged: false Elapsed: 9ms
Info 47   [1:13:1.690] Different program with same set of files:: oldProgram.structureIsReused:: 2
Info 48   [1:13:2.158] Starting updateGraphWorker: Project: /home/tekipeps/Desktop/Part9/PatientorBackend/tsconfig.json
Info 49   [1:13:2.174] Finishing updateGraphWorker: Project: /home/tekipeps/Desktop/Part9/PatientorBackend/tsconfig.json Version: 5 structureChanged: false Elapsed: 16ms
Info 50   [1:13:2.174] Different program with same set of files:: oldProgram.structureIsReused:: 2
Info 51   [1:13:2.416] Starting updateGraphWorker: Project: /home/tekipeps/Desktop/Part9/PatientorBackend/tsconfig.json
Info 52   [1:13:2.429] Finishing updateGraphWorker: Project: /home/tekipeps/Desktop/Part9/PatientorBackend/tsconfig.json Version: 6 structureChanged: false Elapsed: 13ms
Info 53   [1:13:2.429] Different program with same set of files:: oldProgram.structureIsReused:: 2
Info 54   [1:13:4.878] Starting updateGraphWorker: Project: /home/tekipeps/Desktop/Part9/PatientorBackend/tsconfig.json
Info 55   [1:13:4.891] Finishing updateGraphWorker: Project: /home/tekipeps/Desktop/Part9/PatientorBackend/tsconfig.json Version: 7 structureChanged: false Elapsed: 13ms
Info 56   [1:13:4.892] Different program with same set of files:: oldProgram.structureIsReused:: 2
Info 57   [1:13:4.979] Starting updateGraphWorker: Project: /home/tekipeps/Desktop/Part9/PatientorBackend/tsconfig.json
Info 58   [1:13:4.999] Finishing updateGraphWorker: Project: /home/tekipeps/Desktop/Part9/PatientorBackend/tsconfig.json Version: 8 structureChanged: false Elapsed: 20ms
Info 59   [1:13:4.999] Different program with same set of files:: oldProgram.structureIsReused:: 2
Info 60   [1:13:6.925] Starting updateGraphWorker: Project: /home/tekipeps/Desktop/Part9/PatientorBackend/tsconfig.json
Info 61   [1:13:6.937] Finishing updateGraphWorker: Project: /home/tekipeps/Desktop/Part9/PatientorBackend/tsconfig.json Version: 9 structureChanged: false Elapsed: 12ms
Info 62   [1:13:6.937] Different program with same set of files:: oldProgram.structureIsReused:: 2
Info 63   [1:13:7.525] Starting updateGraphWorker: Project: /home/tekipeps/Desktop/Part9/PatientorBackend/tsconfig.json
Info 64   [1:13:7.536] Finishing updateGraphWorker: Project: /home/tekipeps/Desktop/Part9/PatientorBackend/tsconfig.json Version: 10 structureChanged: false Elapsed: 11ms
Info 65   [1:13:7.537] Different program with same set of files:: oldProgram.structureIsReused:: 2
Info 66   [1:13:7.538] Starting updateGraphWorker: Project: /home/tekipeps/Desktop/Part9/PatientorBackend/tsconfig.json
Info 67   [1:13:7.556] Finishing updateGraphWorker: Project: /home/tekipeps/Desktop/Part9/PatientorBackend/tsconfig.json Version: 11 structureChanged: false Elapsed: 18ms
Info 68   [1:13:7.556] Different program with same set of files:: oldProgram.structureIsReused:: 2
Info 69   [1:13:7.749] getCompletionData: Get current token: 0
Info 70   [1:13:7.749] getCompletionData: Is inside comment: 0
Info 71   [1:13:7.750] getCompletionData: Get previous token 1: 1
Info 72   [1:13:7.750] getCompletionData: Get previous token 2: 0
Info 73   [1:13:7.750] getCompletionsAtPosition: isCompletionListBlocker: 0
Info 74   [1:13:7.755] getSymbolsFromOtherSourceFileExports: Recomputing list
Info 75   [1:13:7.774] forEachExternalModuleToImportFrom: filtered out 11 modules by package.json contents
Info 76   [1:13:7.778] getSymbolsFromOtherSourceFileExports: 23
Info 77   [1:13:7.785] getCompletionData: Semantic work: 35
Info 78   [1:13:7.808] getCompletionsAtPosition: getCompletionEntriesFromSymbols: 23
Info 79   [1:13:8.652] Starting updateGraphWorker: Project: /home/tekipeps/Desktop/Part9/PatientorBackend/tsconfig.json
Info 80   [1:13:8.658] Finishing updateGraphWorker: Project: /home/tekipeps/Desktop/Part9/PatientorBackend/tsconfig.json Version: 12 structureChanged: false Elapsed: 6ms
Info 81   [1:13:8.658] Different program with same set of files:: oldProgram.structureIsReused:: 2
Info 82   [1:13:8.659] getCompletionData: Get current token: 0
Info 83   [1:13:8.659] getCompletionData: Is inside comment: 0
Info 84   [1:13:8.659] getCompletionData: Get previous token 1: 0
Info 85   [1:13:8.659] getCompletionData: Get previous token 2: 0
Info 86   [1:13:8.659] getCompletionsAtPosition: isCompletionListBlocker: 0
Info 87   [1:13:8.665] getSymbolsFromOtherSourceFileExports: Using cached list
Info 88   [1:13:8.670] getCompletionData: Semantic work: 11
Info 89   [1:13:8.686] getCompletionsAtPosition: getCompletionEntriesFromSymbols: 16
Info 90   [1:13:9.262] Starting updateGraphWorker: Project: /home/tekipeps/Desktop/Part9/PatientorBackend/tsconfig.json
Info 91   [1:13:9.278] Finishing updateGraphWorker: Project: /home/tekipeps/Desktop/Part9/PatientorBackend/tsconfig.json Version: 13 structureChanged: false Elapsed: 15ms
Info 92   [1:13:9.278] Different program with same set of files:: oldProgram.structureIsReused:: 2
Info 93   [1:13:10.370] Starting updateGraphWorker: Project: /home/tekipeps/Desktop/Part9/PatientorBackend/tsconfig.json
Info 94   [1:13:10.389] Finishing updateGraphWorker: Project: /home/tekipeps/Desktop/Part9/PatientorBackend/tsconfig.json Version: 14 structureChanged: false Elapsed: 19ms
Info 95   [1:13:10.389] Different program with same set of files:: oldProgram.structureIsReused:: 2
Info 96   [1:13:12.525] Starting updateGraphWorker: Project: /home/tekipeps/Desktop/Part9/PatientorBackend/tsconfig.json
Info 97   [1:13:12.543] Finishing updateGraphWorker: Project: /home/tekipeps/Desktop/Part9/PatientorBackend/tsconfig.json Version: 15 structureChanged: false Elapsed: 17ms
Info 98   [1:13:12.543] Different program with same set of files:: oldProgram.structureIsReused:: 2
Info 99   [1:13:27.640] Starting updateGraphWorker: Project: /home/tekipeps/Desktop/Part9/PatientorBackend/tsconfig.json
Info 100  [1:13:27.656] Finishing updateGraphWorker: Project: /home/tekipeps/Desktop/Part9/PatientorBackend/tsconfig.json Version: 16 structureChanged: false Elapsed: 16ms
Info 101  [1:13:27.656] Different program with same set of files:: oldProgram.structureIsReused:: 2
Info 102  [1:13:28.756] Starting updateGraphWorker: Project: /home/tekipeps/Desktop/Part9/PatientorBackend/tsconfig.json
Info 103  [1:13:28.770] Finishing updateGraphWorker: Project: /home/tekipeps/Desktop/Part9/PatientorBackend/tsconfig.json Version: 17 structureChanged: false Elapsed: 13ms
Info 104  [1:13:28.770] Different program with same set of files:: oldProgram.structureIsReused:: 2
Info 105  [1:13:29.157] Starting updateGraphWorker: Project: /home/tekipeps/Desktop/Part9/PatientorBackend/tsconfig.json
Info 106  [1:13:29.178] Finishing updateGraphWorker: Project: /home/tekipeps/Desktop/Part9/PatientorBackend/tsconfig.json Version: 18 structureChanged: false Elapsed: 21ms
Info 107  [1:13:29.178] Different program with same set of files:: oldProgram.structureIsReused:: 2
Info 108  [1:13:29.178] getCompletionData: Get current token: 0
Info 109  [1:13:29.178] getCompletionData: Is inside comment: 0
Info 110  [1:13:29.178] getCompletionData: Get previous token 1: 0
Info 111  [1:13:29.178] getCompletionData: Get previous token 2: 0
Info 112  [1:13:29.179] getCompletionsAtPosition: isCompletionListBlocker: 0
Info 113  [1:13:29.186] getSymbolsFromOtherSourceFileExports: Using cached list
Info 114  [1:13:29.196] getCompletionData: Semantic work: 17
Info 115  [1:13:29.227] getCompletionsAtPosition: getCompletionEntriesFromSymbols: 29
Info 116  [1:13:29.831] Starting updateGraphWorker: Project: /home/tekipeps/Desktop/Part9/PatientorBackend/tsconfig.json
Info 117  [1:13:29.856] Finishing updateGraphWorker: Project: /home/tekipeps/Desktop/Part9/PatientorBackend/tsconfig.json Version: 19 structureChanged: false Elapsed: 25ms
Info 118  [1:13:29.856] Different program with same set of files:: oldProgram.structureIsReused:: 2
Info 119  [1:13:29.857] Starting updateGraphWorker: Project: /home/tekipeps/Desktop/Part9/PatientorBackend/tsconfig.json
Info 120  [1:13:29.869] Finishing updateGraphWorker: Project: /home/tekipeps/Desktop/Part9/PatientorBackend/tsconfig.json Version: 20 structureChanged: false Elapsed: 12ms
Info 121  [1:13:29.869] Different program with same set of files:: oldProgram.structureIsReused:: 2
Info 122  [1:13:30.584] Starting updateGraphWorker: Project: /home/tekipeps/Desktop/Part9/PatientorBackend/tsconfig.json
Info 123  [1:13:30.600] Finishing updateGraphWorker: Project: /home/tekipeps/Desktop/Part9/PatientorBackend/tsconfig.json Version: 21 structureChanged: false Elapsed: 16ms
Info 124  [1:13:30.600] Different program with same set of files:: oldProgram.structureIsReused:: 2
Info 125  [1:13:31.219] Starting updateGraphWorker: Project: /home/tekipeps/Desktop/Part9/PatientorBackend/tsconfig.json
Info 126  [1:13:31.239] Finishing updateGraphWorker: Project: /home/tekipeps/Desktop/Part9/PatientorBackend/tsconfig.json Version: 22 structureChanged: false Elapsed: 20ms
Info 127  [1:13:31.239] Different program with same set of files:: oldProgram.structureIsReused:: 2
Info 128  [1:13:31.239] getCompletionData: Get current token: 0
Info 129  [1:13:31.239] getCompletionData: Is inside comment: 0
Info 130  [1:13:31.239] getCompletionData: Get previous token 1: 0
Info 131  [1:13:31.239] getCompletionData: Get previous token 2: 0
Info 132  [1:13:31.240] getCompletionsAtPosition: isCompletionListBlocker: 1
Info 133  [1:13:31.245] getSymbolsFromOtherSourceFileExports: Using cached list
Info 134  [1:13:31.252] getCompletionData: Semantic work: 12
Info 135  [1:13:31.277] getCompletionsAtPosition: getCompletionEntriesFromSymbols: 25
Info 136  [1:13:31.297] Starting updateGraphWorker: Project: /home/tekipeps/Desktop/Part9/PatientorBackend/tsconfig.json
Info 137  [1:13:31.310] Finishing updateGraphWorker: Project: /home/tekipeps/Desktop/Part9/PatientorBackend/tsconfig.json Version: 23 structureChanged: false Elapsed: 13ms
Info 138  [1:13:31.310] Different program with same set of files:: oldProgram.structureIsReused:: 2
Info 139  [1:13:31.527] Starting updateGraphWorker: Project: /home/tekipeps/Desktop/Part9/PatientorBackend/tsconfig.json
Info 140  [1:13:31.533] Finishing updateGraphWorker: Project: /home/tekipeps/Desktop/Part9/PatientorBackend/tsconfig.json Version: 24 structureChanged: false Elapsed: 6ms
Info 141  [1:13:31.533] Different program with same set of files:: oldProgram.structureIsReused:: 2
Info 142  [1:13:31.653] getCompletionData: Get current token: 0
Info 143  [1:13:31.653] getCompletionData: Is inside comment: 0
Info 144  [1:13:31.653] getCompletionData: Get previous token 1: 0
Info 145  [1:13:31.653] getCompletionData: Get previous token 2: 0
Info 146  [1:13:31.653] getCompletionsAtPosition: isCompletionListBlocker: 0
Info 147  [1:13:31.662] getSymbolsFromOtherSourceFileExports: Using cached list
Info 148  [1:13:31.665] getCompletionData: Semantic work: 12
Info 149  [1:13:31.678] getCompletionsAtPosition: getCompletionEntriesFromSymbols: 13
Info 150  [1:13:31.694] Starting updateGraphWorker: Project: /home/tekipeps/Desktop/Part9/PatientorBackend/tsconfig.json
Info 151  [1:13:31.703] Finishing updateGraphWorker: Project: /home/tekipeps/Desktop/Part9/PatientorBackend/tsconfig.json Version: 25 structureChanged: false Elapsed: 9ms
Info 152  [1:13:31.704] Different program with same set of files:: oldProgram.structureIsReused:: 2
Info 153  [1:13:31.989] Starting updateGraphWorker: Project: /home/tekipeps/Desktop/Part9/PatientorBackend/tsconfig.json
Info 154  [1:13:32.5] Finishing updateGraphWorker: Project: /home/tekipeps/Desktop/Part9/PatientorBackend/tsconfig.json Version: 26 structureChanged: false Elapsed: 16ms
Info 155  [1:13:32.5] Different program with same set of files:: oldProgram.structureIsReused:: 2
Info 156  [1:13:32.5] getCompletionData: Get current token: 0
Info 157  [1:13:32.5] getCompletionData: Is inside comment: 0
Info 158  [1:13:32.5] getCompletionData: Get previous token 1: 0
Info 159  [1:13:32.5] getCompletionData: Get previous token 2: 0
Info 160  [1:13:32.5] getCompletionsAtPosition: isCompletionListBlocker: 0
Info 161  [1:13:32.10] getSymbolsFromOtherSourceFileExports: Using cached list
Info 162  [1:13:32.12] getCompletionData: Semantic work: 7
Info 163  [1:13:32.30] getCompletionsAtPosition: getCompletionEntriesFromSymbols: 18
Info 164  [1:13:32.579] Starting updateGraphWorker: Project: /home/tekipeps/Desktop/Part9/PatientorBackend/tsconfig.json
Info 165  [1:13:32.590] Finishing updateGraphWorker: Project: /home/tekipeps/Desktop/Part9/PatientorBackend/tsconfig.json Version: 27 structureChanged: false Elapsed: 11ms
Info 166  [1:13:32.590] Different program with same set of files:: oldProgram.structureIsReused:: 2
Info 167  [1:13:32.981] Starting updateGraphWorker: Project: /home/tekipeps/Desktop/Part9/PatientorBackend/tsconfig.json
Info 168  [1:13:32.994] Finishing updateGraphWorker: Project: /home/tekipeps/Desktop/Part9/PatientorBackend/tsconfig.json Version: 28 structureChanged: false Elapsed: 13ms
Info 169  [1:13:32.994] Different program with same set of files:: oldProgram.structureIsReused:: 2
Info 170  [1:13:33.592] Starting updateGraphWorker: Project: /home/tekipeps/Desktop/Part9/PatientorBackend/tsconfig.json
Info 171  [1:13:33.614] Finishing updateGraphWorker: Project: /home/tekipeps/Desktop/Part9/PatientorBackend/tsconfig.json Version: 29 structureChanged: false Elapsed: 22ms
Info 172  [1:13:33.614] Different program with same set of files:: oldProgram.structureIsReused:: 2
Info 173  [1:13:33.614] getCompletionData: Get current token: 0
Info 174  [1:13:33.614] getCompletionData: Is inside comment: 0
Info 175  [1:13:33.614] getCompletionData: Get previous token 1: 0
Info 176  [1:13:33.615] getCompletionData: Get previous token 2: 0
Info 177  [1:13:33.615] getCompletionsAtPosition: isCompletionListBlocker: 0
Info 178  [1:13:33.615] Returning an empty list because completion was requested in an invalid position.
Info 179  [1:13:33.828] Starting updateGraphWorker: Project: /home/tekipeps/Desktop/Part9/PatientorBackend/tsconfig.json
Info 180  [1:13:33.843] Finishing updateGraphWorker: Project: /home/tekipeps/Desktop/Part9/PatientorBackend/tsconfig.json Version: 30 structureChanged: false Elapsed: 15ms
Info 181  [1:13:33.843] Different program with same set of files:: oldProgram.structureIsReused:: 2
Info 182  [1:13:33.844] getCompletionData: Get current token: 0
Info 183  [1:13:33.844] getCompletionData: Is inside comment: 0
Info 184  [1:13:33.844] getCompletionData: Get previous token 1: 0
Info 185  [1:13:33.845] getCompletionData: Get previous token 2: 1
Info 186  [1:13:33.845] getCompletionsAtPosition: isCompletionListBlocker: 0
Info 187  [1:13:33.845] Returning an empty list because completion was requested in an invalid position.
Info 188  [1:13:34.227] Starting updateGraphWorker: Project: /home/tekipeps/Desktop/Part9/PatientorBackend/tsconfig.json
Info 189  [1:13:34.247] Finishing updateGraphWorker: Project: /home/tekipeps/Desktop/Part9/PatientorBackend/tsconfig.json Version: 31 structureChanged: false Elapsed: 20ms
Info 190  [1:13:34.247] Different program with same set of files:: oldProgram.structureIsReused:: 2
Info 191  [1:13:34.248] getCompletionData: Get current token: 0
Info 192  [1:13:34.248] getCompletionData: Is inside comment: 0
Info 193  [1:13:34.248] getCompletionData: Get previous token 1: 0
Info 194  [1:13:34.248] getCompletionData: Get previous token 2: 0
Info 195  [1:13:34.248] getCompletionsAtPosition: isCompletionListBlocker: 0
Info 196  [1:13:34.248] Returning an empty list because completion was requested in an invalid position.
Info 197  [1:13:35.165] Starting updateGraphWorker: Project: /home/tekipeps/Desktop/Part9/PatientorBackend/tsconfig.json
Info 198  [1:13:35.177] Finishing updateGraphWorker: Project: /home/tekipeps/Desktop/Part9/PatientorBackend/tsconfig.json Version: 32 structureChanged: false Elapsed: 12ms
Info 199  [1:13:35.178] Different program with same set of files:: oldProgram.structureIsReused:: 2
Info 200  [1:13:42.72] Starting updateGraphWorker: Project: /home/tekipeps/Desktop/Part9/PatientorBackend/tsconfig.json
Info 201  [1:13:42.86] Finishing updateGraphWorker: Project: /home/tekipeps/Desktop/Part9/PatientorBackend/tsconfig.json Version: 33 structureChanged: false Elapsed: 14ms
Info 202  [1:13:42.86] Different program with same set of files:: oldProgram.structureIsReused:: 2
Info 203  [1:13:44.36] Starting updateGraphWorker: Project: /home/tekipeps/Desktop/Part9/PatientorBackend/tsconfig.json
Info 204  [1:13:44.48] Finishing updateGraphWorker: Project: /home/tekipeps/Desktop/Part9/PatientorBackend/tsconfig.json Version: 34 structureChanged: false Elapsed: 12ms
Info 205  [1:13:44.48] Different program with same set of files:: oldProgram.structureIsReused:: 2
Info 206  [1:13:44.576] Starting updateGraphWorker: Project: /home/tekipeps/Desktop/Part9/PatientorBackend/tsconfig.json
Info 207  [1:13:44.589] Finishing updateGraphWorker: Project: /home/tekipeps/Desktop/Part9/PatientorBackend/tsconfig.json Version: 35 structureChanged: false Elapsed: 13ms
Info 208  [1:13:44.589] Different program with same set of files:: oldProgram.structureIsReused:: 2
Info 209  [1:13:52.437] Starting updateGraphWorker: Project: /home/tekipeps/Desktop/Part9/PatientorBackend/tsconfig.json
Info 210  [1:13:52.449] Finishing updateGraphWorker: Project: /home/tekipeps/Desktop/Part9/PatientorBackend/tsconfig.json Version: 36 structureChanged: false Elapsed: 12ms
Info 211  [1:13:52.449] Different program with same set of files:: oldProgram.structureIsReused:: 2
Info 212  [1:14:30.796] Starting updateGraphWorker: Project: /home/tekipeps/Desktop/Part9/PatientorBackend/tsconfig.json
Info 213  [1:14:30.812] Finishing updateGraphWorker: Project: /home/tekipeps/Desktop/Part9/PatientorBackend/tsconfig.json Version: 37 structureChanged: false Elapsed: 16ms
Info 214  [1:14:30.812] Different program with same set of files:: oldProgram.structureIsReused:: 2
Info 215  [1:14:32.694] Starting updateGraphWorker: Project: /home/tekipeps/Desktop/Part9/PatientorBackend/tsconfig.json
Info 216  [1:14:32.711] Finishing updateGraphWorker: Project: /home/tekipeps/Desktop/Part9/PatientorBackend/tsconfig.json Version: 38 structureChanged: false Elapsed: 17ms
Info 217  [1:14:32.711] Different program with same set of files:: oldProgram.structureIsReused:: 2
Info 218  [1:14:32.970] Starting updateGraphWorker: Project: /home/tekipeps/Desktop/Part9/PatientorBackend/tsconfig.json
Info 219  [1:14:32.995] Finishing updateGraphWorker: Project: /home/tekipeps/Desktop/Part9/PatientorBackend/tsconfig.json Version: 39 structureChanged: false Elapsed: 25ms
Info 220  [1:14:32.995] Different program with same set of files:: oldProgram.structureIsReused:: 2
Info 221  [1:14:34.285] Starting updateGraphWorker: Project: /home/tekipeps/Desktop/Part9/PatientorBackend/tsconfig.json
Info 222  [1:14:34.303] Finishing updateGraphWorker: Project: /home/tekipeps/Desktop/Part9/PatientorBackend/tsconfig.json Version: 40 structureChanged: false Elapsed: 18ms
Info 223  [1:14:34.303] Different program with same set of files:: oldProgram.structureIsReused:: 2
Info 224  [1:14:36.797] Starting updateGraphWorker: Project: /home/tekipeps/Desktop/Part9/PatientorBackend/tsconfig.json
Info 225  [1:14:36.810] Finishing updateGraphWorker: Project: /home/tekipeps/Desktop/Part9/PatientorBackend/tsconfig.json Version: 41 structureChanged: false Elapsed: 13ms
Info 226  [1:14:36.810] Different program with same set of files:: oldProgram.structureIsReused:: 2
Info 227  [1:14:37.39] Starting updateGraphWorker: Project: /home/tekipeps/Desktop/Part9/PatientorBackend/tsconfig.json
Info 228  [1:14:37.51] Finishing updateGraphWorker: Project: /home/tekipeps/Desktop/Part9/PatientorBackend/tsconfig.json Version: 42 structureChanged: false Elapsed: 12ms
Info 229  [1:14:37.51] Different program with same set of files:: oldProgram.structureIsReused:: 2
Info 230  [1:14:37.452] Starting updateGraphWorker: Project: /home/tekipeps/Desktop/Part9/PatientorBackend/tsconfig.json
Info 231  [1:14:37.471] Finishing updateGraphWorker: Project: /home/tekipeps/Desktop/Part9/PatientorBackend/tsconfig.json Version: 43 structureChanged: false Elapsed: 19ms
Info 232  [1:14:37.471] Different program with same set of files:: oldProgram.structureIsReused:: 2
Info 233  [1:14:37.687] Starting updateGraphWorker: Project: /home/tekipeps/Desktop/Part9/PatientorBackend/tsconfig.json
Info 234  [1:14:37.709] Finishing updateGraphWorker: Project: /home/tekipeps/Desktop/Part9/PatientorBackend/tsconfig.json Version: 44 structureChanged: false Elapsed: 22ms
Info 235  [1:14:37.709] Different program with same set of files:: oldProgram.structureIsReused:: 2
Info 236  [1:15:5.455] Starting updateGraphWorker: Project: /home/tekipeps/Desktop/Part9/PatientorBackend/tsconfig.json
Info 237  [1:15:5.473] Finishing updateGraphWorker: Project: /home/tekipeps/Desktop/Part9/PatientorBackend/tsconfig.json Version: 45 structureChanged: false Elapsed: 18ms
Info 238  [1:15:5.473] Different program with same set of files:: oldProgram.structureIsReused:: 2
Info 239  [1:16:36.484] Starting updateGraphWorker: Project: /home/tekipeps/Desktop/Part9/PatientorBackend/tsconfig.json
Info 240  [1:16:36.558] Finishing updateGraphWorker: Project: /home/tekipeps/Desktop/Part9/PatientorBackend/tsconfig.json Version: 46 structureChanged: true Elapsed: 74ms
Info 241  [1:16:36.558] Different program with same set of files:: oldProgram.structureIsReused:: 1
Info 242  [1:16:46.207] Starting updateGraphWorker: Project: /home/tekipeps/Desktop/Part9/PatientorBackend/tsconfig.json
Info 243  [1:16:46.250] Finishing updateGraphWorker: Project: /home/tekipeps/Desktop/Part9/PatientorBackend/tsconfig.json Version: 47 structureChanged: true Elapsed: 43ms
Info 244  [1:16:46.250] Different program with same set of files:: oldProgram.structureIsReused:: 1
Info 245  [1:16:55.602] Search path: /home/tekipeps/Desktop/Part9/PatientorBackend/src/services
Info 246  [1:16:55.603] For info: /home/tekipeps/Desktop/Part9/PatientorBackend/src/services/patientService.ts :: Config file name: /home/tekipeps/Desktop/Part9/PatientorBackend/tsconfig.json
Info 247  [1:18:7.720] Search path: /home/tekipeps/Desktop/Part9/PatientorBackend
Info 248  [1:18:7.720] For info: /home/tekipeps/Desktop/Part9/PatientorBackend/index.ts :: Config file name: /home/tekipeps/Desktop/Part9/PatientorBackend/tsconfig.json
Info 249  [1:18:47.742] Starting updateGraphWorker: Project: /home/tekipeps/Desktop/Part9/PatientorBackend/tsconfig.json
Info 250  [1:18:47.760] Finishing updateGraphWorker: Project: /home/tekipeps/Desktop/Part9/PatientorBackend/tsconfig.json Version: 48 structureChanged: false Elapsed: 18ms
Info 251  [1:18:47.760] Different program with same set of files:: oldProgram.structureIsReused:: 2
Info 252  [1:18:47.761] Starting updateGraphWorker: Project: /home/tekipeps/Desktop/Part9/PatientorBackend/tsconfig.json
Info 253  [1:18:47.773] Finishing updateGraphWorker: Project: /home/tekipeps/Desktop/Part9/PatientorBackend/tsconfig.json Version: 49 structureChanged: false Elapsed: 12ms
Info 254  [1:18:47.773] Different program with same set of files:: oldProgram.structureIsReused:: 2
Info 255  [1:18:47.953] getCompletionData: Get current token: 0
Info 256  [1:18:47.954] getCompletionData: Is inside comment: 1
Info 257  [1:18:47.954] getCompletionData: Get previous token 1: 0
Info 258  [1:18:47.954] getCompletionData: Get previous token 2: 0
Info 259  [1:18:47.955] getCompletionsAtPosition: isCompletionListBlocker: 1
Info 260  [1:18:47.959] getCompletionData: Semantic work: 4
Info 261  [1:18:48.178] Starting updateGraphWorker: Project: /home/tekipeps/Desktop/Part9/PatientorBackend/tsconfig.json
Info 262  [1:18:48.191] Finishing updateGraphWorker: Project: /home/tekipeps/Desktop/Part9/PatientorBackend/tsconfig.json Version: 50 structureChanged: false Elapsed: 13ms
Info 263  [1:18:48.191] Different program with same set of files:: oldProgram.structureIsReused:: 2
Info 264  [1:18:48.192] getCompletionData: Get current token: 0
Info 265  [1:18:48.192] getCompletionData: Is inside comment: 0
Info 266  [1:18:48.192] getCompletionData: Get previous token 1: 0
Info 267  [1:18:48.192] getCompletionData: Get previous token 2: 0
Info 268  [1:18:48.192] getCompletionsAtPosition: isCompletionListBlocker: 0
Info 269  [1:18:48.193] getCompletionData: Semantic work: 1
Info 270  [1:18:50.134] Starting updateGraphWorker: Project: /home/tekipeps/Desktop/Part9/PatientorBackend/tsconfig.json
Info 271  [1:18:50.156] Finishing updateGraphWorker: Project: /home/tekipeps/Desktop/Part9/PatientorBackend/tsconfig.json Version: 51 structureChanged: false Elapsed: 22ms
Info 272  [1:18:50.156] Different program with same set of files:: oldProgram.structureIsReused:: 2
Info 273  [1:18:51.427] Starting updateGraphWorker: Project: /home/tekipeps/Desktop/Part9/PatientorBackend/tsconfig.json
Info 274  [1:18:51.449] Finishing updateGraphWorker: Project: /home/tekipeps/Desktop/Part9/PatientorBackend/tsconfig.json Version: 52 structureChanged: false Elapsed: 22ms
Info 275  [1:18:51.449] Different program with same set of files:: oldProgram.structureIsReused:: 2
Info 276  [1:18:51.670] Starting updateGraphWorker: Project: /home/tekipeps/Desktop/Part9/PatientorBackend/tsconfig.json
Info 277  [1:18:51.684] Finishing updateGraphWorker: Project: /home/tekipeps/Desktop/Part9/PatientorBackend/tsconfig.json Version: 53 structureChanged: false Elapsed: 14ms
Info 278  [1:18:51.684] Different program with same set of files:: oldProgram.structureIsReused:: 2
Info 279  [1:18:51.685] getCompletionData: Get current token: 0
Info 280  [1:18:51.685] getCompletionData: Is inside comment: 0
Info 281  [1:18:51.685] getCompletionData: Get previous token 1: 0
Info 282  [1:18:51.685] getCompletionData: Get previous token 2: 0
Info 283  [1:18:51.686] getCompletionsAtPosition: isCompletionListBlocker: 1
Info 284  [1:18:51.687] getCompletionData: Semantic work: 1
Info 285  [1:18:51.767] Starting updateGraphWorker: Project: /home/tekipeps/Desktop/Part9/PatientorBackend/tsconfig.json
Info 286  [1:18:51.775] Finishing updateGraphWorker: Project: /home/tekipeps/Desktop/Part9/PatientorBackend/tsconfig.json Version: 54 structureChanged: false Elapsed: 8ms
Info 287  [1:18:51.775] Different program with same set of files:: oldProgram.structureIsReused:: 2
Info 288  [1:18:51.914] getCompletionData: Get current token: 0
Info 289  [1:18:51.915] getCompletionData: Is inside comment: 0
Info 290  [1:18:51.915] getCompletionData: Get previous token 1: 0
Info 291  [1:18:51.915] getCompletionData: Get previous token 2: 0
Info 292  [1:18:51.915] getCompletionsAtPosition: isCompletionListBlocker: 0
Info 293  [1:18:51.917] getCompletionData: Semantic work: 2
Info 294  [1:18:52.871] Starting updateGraphWorker: Project: /home/tekipeps/Desktop/Part9/PatientorBackend/tsconfig.json
Info 295  [1:18:52.888] Finishing updateGraphWorker: Project: /home/tekipeps/Desktop/Part9/PatientorBackend/tsconfig.json Version: 55 structureChanged: false Elapsed: 17ms
Info 296  [1:18:52.888] Different program with same set of files:: oldProgram.structureIsReused:: 2
Info 297  [1:18:53.270] Starting updateGraphWorker: Project: /home/tekipeps/Desktop/Part9/PatientorBackend/tsconfig.json
Info 298  [1:18:53.286] Finishing updateGraphWorker: Project: /home/tekipeps/Desktop/Part9/PatientorBackend/tsconfig.json Version: 56 structureChanged: false Elapsed: 16ms
Info 299  [1:18:53.286] Different program with same set of files:: oldProgram.structureIsReused:: 2
Info 300  [1:18:57.165] Starting updateGraphWorker: Project: /home/tekipeps/Desktop/Part9/PatientorBackend/tsconfig.json
Info 301  [1:18:57.184] Finishing updateGraphWorker: Project: /home/tekipeps/Desktop/Part9/PatientorBackend/tsconfig.json Version: 57 structureChanged: false Elapsed: 19ms
Info 302  [1:18:57.184] Different program with same set of files:: oldProgram.structureIsReused:: 2
Info 303  [1:19:2.461] Starting updateGraphWorker: Project: /home/tekipeps/Desktop/Part9/PatientorBackend/tsconfig.json
Info 304  [1:19:2.480] Finishing updateGraphWorker: Project: /home/tekipeps/Desktop/Part9/PatientorBackend/tsconfig.json Version: 58 structureChanged: false Elapsed: 18ms
Info 305  [1:19:2.480] Different program with same set of files:: oldProgram.structureIsReused:: 2
Info 306  [1:19:2.480] getCompletionData: Get current token: 0
Info 307  [1:19:2.480] getCompletionData: Is inside comment: 0
Info 308  [1:19:2.480] getCompletionData: Get previous token 1: 0
Info 309  [1:19:2.480] getCompletionData: Get previous token 2: 0
Info 310  [1:19:2.481] getCompletionsAtPosition: isCompletionListBlocker: 0
Info 311  [1:19:2.482] getCompletionData: Semantic work: 1
Info 312  [1:19:2.943] Starting updateGraphWorker: Project: /home/tekipeps/Desktop/Part9/PatientorBackend/tsconfig.json
Info 313  [1:19:2.961] Finishing updateGraphWorker: Project: /home/tekipeps/Desktop/Part9/PatientorBackend/tsconfig.json Version: 59 structureChanged: false Elapsed: 18ms
Info 314  [1:19:2.961] Different program with same set of files:: oldProgram.structureIsReused:: 2
Info 315  [1:19:2.962] getCompletionData: Get current token: 0
Info 316  [1:19:2.962] getCompletionData: Is inside comment: 0
Info 317  [1:19:2.962] getCompletionData: Get previous token 1: 0
Info 318  [1:19:2.962] getCompletionData: Get previous token 2: 0
Info 319  [1:19:2.962] getCompletionsAtPosition: isCompletionListBlocker: 0
Info 320  [1:19:2.963] getCompletionData: Semantic work: 1
Info 321  [1:19:3.241] Starting updateGraphWorker: Project: /home/tekipeps/Desktop/Part9/PatientorBackend/tsconfig.json
Info 322  [1:19:3.252] Finishing updateGraphWorker: Project: /home/tekipeps/Desktop/Part9/PatientorBackend/tsconfig.json Version: 60 structureChanged: false Elapsed: 11ms
Info 323  [1:19:3.252] Different program with same set of files:: oldProgram.structureIsReused:: 2
Info 324  [1:19:3.253] getCompletionData: Get current token: 0
Info 325  [1:19:3.253] getCompletionData: Is inside comment: 0
Info 326  [1:19:3.253] getCompletionData: Get previous token 1: 0
Info 327  [1:19:3.254] getCompletionData: Get previous token 2: 1
Info 328  [1:19:3.254] getCompletionsAtPosition: isCompletionListBlocker: 0
Info 329  [1:19:3.255] getCompletionData: Semantic work: 1
Info 330  [1:19:4.502] Starting updateGraphWorker: Project: /home/tekipeps/Desktop/Part9/PatientorBackend/tsconfig.json
Info 331  [1:19:4.514] Finishing updateGraphWorker: Project: /home/tekipeps/Desktop/Part9/PatientorBackend/tsconfig.json Version: 61 structureChanged: false Elapsed: 12ms
Info 332  [1:19:4.514] Different program with same set of files:: oldProgram.structureIsReused:: 2
Info 333  [1:19:16.355] Starting updateGraphWorker: Project: /home/tekipeps/Desktop/Part9/PatientorBackend/tsconfig.json
Info 334  [1:19:16.374] Finishing updateGraphWorker: Project: /home/tekipeps/Desktop/Part9/PatientorBackend/tsconfig.json Version: 62 structureChanged: false Elapsed: 19ms
Info 335  [1:19:16.374] Different program with same set of files:: oldProgram.structureIsReused:: 2
Info 336  [1:19:21.869] Starting updateGraphWorker: Project: /home/tekipeps/Desktop/Part9/PatientorBackend/tsconfig.json
Info 337  [1:19:21.887] Finishing updateGraphWorker: Project: /home/tekipeps/Desktop/Part9/PatientorBackend/tsconfig.json Version: 63 structureChanged: false Elapsed: 18ms
Info 338  [1:19:21.887] Different program with same set of files:: oldProgram.structureIsReused:: 2
Info 339  [1:19:23.479] Starting updateGraphWorker: Project: /home/tekipeps/Desktop/Part9/PatientorBackend/tsconfig.json
Info 340  [1:19:23.492] Finishing updateGraphWorker: Project: /home/tekipeps/Desktop/Part9/PatientorBackend/tsconfig.json Version: 64 structureChanged: false Elapsed: 13ms
Info 341  [1:19:23.492] Different program with same set of files:: oldProgram.structureIsReused:: 2
Info 342  [1:19:23.492] getCompletionData: Get current token: 0
Info 343  [1:19:23.492] getCompletionData: Is inside comment: 0
Info 344  [1:19:23.492] getCompletionData: Get previous token 1: 0
Info 345  [1:19:23.492] getCompletionData: Get previous token 2: 0
Info 346  [1:19:23.492] getCompletionsAtPosition: isCompletionListBlocker: 0
Info 347  [1:19:23.498] getSymbolsFromOtherSourceFileExports: Recomputing list
Info 348  [1:19:23.515] forEachExternalModuleToImportFrom: filtered out 11 modules by package.json contents
Info 349  [1:19:23.520] getSymbolsFromOtherSourceFileExports: 22
Info 350  [1:19:23.527] getCompletionData: Semantic work: 35
Info 351  [1:19:23.535] getCompletionsAtPosition: getCompletionEntriesFromSymbols: 8
Info 352  [1:19:24.245] Starting updateGraphWorker: Project: /home/tekipeps/Desktop/Part9/PatientorBackend/tsconfig.json
Info 353  [1:19:24.265] Finishing updateGraphWorker: Project: /home/tekipeps/Desktop/Part9/PatientorBackend/tsconfig.json Version: 65 structureChanged: false Elapsed: 20ms
Info 354  [1:19:24.265] Different program with same set of files:: oldProgram.structureIsReused:: 2
Info 355  [1:19:24.265] getCompletionData: Get current token: 0
Info 356  [1:19:24.265] getCompletionData: Is inside comment: 0
Info 357  [1:19:24.265] getCompletionData: Get previous token 1: 0
Info 358  [1:19:24.266] getCompletionData: Get previous token 2: 1
Info 359  [1:19:24.266] getCompletionsAtPosition: isCompletionListBlocker: 0
Info 360  [1:19:24.270] getSymbolsFromOtherSourceFileExports: Using cached list
Info 361  [1:19:24.278] getCompletionData: Semantic work: 12
Info 362  [1:19:24.290] getCompletionsAtPosition: getCompletionEntriesFromSymbols: 12
Info 363  [1:19:24.897] Starting updateGraphWorker: Project: /home/tekipeps/Desktop/Part9/PatientorBackend/tsconfig.json
Info 364  [1:19:24.917] Finishing updateGraphWorker: Project: /home/tekipeps/Desktop/Part9/PatientorBackend/tsconfig.json Version: 66 structureChanged: false Elapsed: 20ms
Info 365  [1:19:24.917] Different program with same set of files:: oldProgram.structureIsReused:: 2
Info 366  [1:19:24.917] getCompletionData: Get current token: 0
Info 367  [1:19:24.917] getCompletionData: Is inside comment: 0
Info 368  [1:19:24.917] getCompletionData: Get previous token 1: 0
Info 369  [1:19:24.918] getCompletionData: Get previous token 2: 0
Info 370  [1:19:24.918] getCompletionsAtPosition: isCompletionListBlocker: 0
Info 371  [1:19:24.922] getSymbolsFromOtherSourceFileExports: Using cached list
Info 372  [1:19:24.930] getCompletionData: Semantic work: 12
Info 373  [1:19:24.938] getCompletionsAtPosition: getCompletionEntriesFromSymbols: 6
Info 374  [1:19:25.988] Starting updateGraphWorker: Project: /home/tekipeps/Desktop/Part9/PatientorBackend/tsconfig.json
Info 375  [1:19:26.12] Finishing updateGraphWorker: Project: /home/tekipeps/Desktop/Part9/PatientorBackend/tsconfig.json Version: 67 structureChanged: false Elapsed: 24ms
Info 376  [1:19:26.12] Different program with same set of files:: oldProgram.structureIsReused:: 2
Info 377  [1:19:26.455] Starting updateGraphWorker: Project: /home/tekipeps/Desktop/Part9/PatientorBackend/tsconfig.json
Info 378  [1:19:26.465] Finishing updateGraphWorker: Project: /home/tekipeps/Desktop/Part9/PatientorBackend/tsconfig.json Version: 68 structureChanged: false Elapsed: 10ms
Info 379  [1:19:26.465] Different program with same set of files:: oldProgram.structureIsReused:: 2
Info 380  [1:19:26.466] getCompletionData: Get current token: 0
Info 381  [1:19:26.466] getCompletionData: Is inside comment: 0
Info 382  [1:19:26.467] getCompletionData: Get previous token 1: 1
Info 383  [1:19:26.467] getCompletionData: Get previous token 2: 0
Info 384  [1:19:26.467] getCompletionsAtPosition: isCompletionListBlocker: 0
Info 385  [1:19:26.477] getSymbolsFromOtherSourceFileExports: Recomputing list for details entry
Info 386  [1:19:26.478] forEachExternalModuleToImportFrom: filtered out 0 modules by package.json contents
Info 387  [1:19:26.482] getSymbolsFromOtherSourceFileExports: 5
Info 388  [1:19:26.489] getCompletionData: Semantic work: 22
Info 389  [1:19:26.506] forEachExternalModuleToImportFrom: filtered out 0 modules by package.json contents
Info 390  [1:19:26.671] Starting updateGraphWorker: Project: /home/tekipeps/Desktop/Part9/PatientorBackend/tsconfig.json
Info 391  [1:19:26.681] Finishing updateGraphWorker: Project: /home/tekipeps/Desktop/Part9/PatientorBackend/tsconfig.json Version: 69 structureChanged: false Elapsed: 10ms
Info 392  [1:19:26.681] Different program with same set of files:: oldProgram.structureIsReused:: 2
Info 393  [1:19:28.408] Starting updateGraphWorker: Project: /home/tekipeps/Desktop/Part9/PatientorBackend/tsconfig.json
Info 394  [1:19:28.424] Finishing updateGraphWorker: Project: /home/tekipeps/Desktop/Part9/PatientorBackend/tsconfig.json Version: 70 structureChanged: false Elapsed: 16ms
Info 395  [1:19:28.424] Different program with same set of files:: oldProgram.structureIsReused:: 2
Info 396  [1:19:37.184] Starting updateGraphWorker: Project: /home/tekipeps/Desktop/Part9/PatientorBackend/tsconfig.json
Info 397  [1:19:37.199] Finishing updateGraphWorker: Project: /home/tekipeps/Desktop/Part9/PatientorBackend/tsconfig.json Version: 71 structureChanged: false Elapsed: 15ms
Info 398  [1:19:37.199] Different program with same set of files:: oldProgram.structureIsReused:: 2
Info 399  [1:20:5.735] Starting updateGraphWorker: Project: /home/tekipeps/Desktop/Part9/PatientorBackend/tsconfig.json
Info 400  [1:20:5.750] Finishing updateGraphWorker: Project: /home/tekipeps/Desktop/Part9/PatientorBackend/tsconfig.json Version: 72 structureChanged: false Elapsed: 15ms
Info 401  [1:20:5.750] Different program with same set of files:: oldProgram.structureIsReused:: 2
Info 402  [1:20:5.751] getCompletionData: Get current token: 0
Info 403  [1:20:5.751] getCompletionData: Is inside comment: 0
Info 404  [1:20:5.751] getCompletionData: Get previous token 1: 0
Info 405  [1:20:5.751] getCompletionData: Get previous token 2: 0
Info 406  [1:20:5.751] getCompletionsAtPosition: isCompletionListBlocker: 0
Info 407  [1:20:5.817] getCompletionData: Semantic work: 66
Info 408  [1:20:7.167] Starting updateGraphWorker: Project: /home/tekipeps/Desktop/Part9/PatientorBackend/tsconfig.json
Info 409  [1:20:7.185] Finishing updateGraphWorker: Project: /home/tekipeps/Desktop/Part9/PatientorBackend/tsconfig.json Version: 73 structureChanged: false Elapsed: 18ms
Info 410  [1:20:7.185] Different program with same set of files:: oldProgram.structureIsReused:: 2
Info 411  [1:20:7.186] getCompletionData: Get current token: 0
Info 412  [1:20:7.186] getCompletionData: Is inside comment: 0
Info 413  [1:20:7.186] getCompletionData: Get previous token 1: 0
Info 414  [1:20:7.186] getCompletionData: Get previous token 2: 0
Info 415  [1:20:7.186] getCompletionsAtPosition: isCompletionListBlocker: 0
Info 416  [1:20:7.234] getCompletionData: Semantic work: 48
Info 417  [1:20:7.778] Starting updateGraphWorker: Project: /home/tekipeps/Desktop/Part9/PatientorBackend/tsconfig.json
Info 418  [1:20:7.796] Finishing updateGraphWorker: Project: /home/tekipeps/Desktop/Part9/PatientorBackend/tsconfig.json Version: 74 structureChanged: false Elapsed: 18ms
Info 419  [1:20:7.796] Different program with same set of files:: oldProgram.structureIsReused:: 2
Info 420  [1:20:8.908] Starting updateGraphWorker: Project: /home/tekipeps/Desktop/Part9/PatientorBackend/tsconfig.json
Info 421  [1:20:8.923] Finishing updateGraphWorker: Project: /home/tekipeps/Desktop/Part9/PatientorBackend/tsconfig.json Version: 75 structureChanged: false Elapsed: 15ms
Info 422  [1:20:8.923] Different program with same set of files:: oldProgram.structureIsReused:: 2
Info 423  [1:20:10.301] Starting updateGraphWorker: Project: /home/tekipeps/Desktop/Part9/PatientorBackend/tsconfig.json
Info 424  [1:20:10.319] Finishing updateGraphWorker: Project: /home/tekipeps/Desktop/Part9/PatientorBackend/tsconfig.json Version: 76 structureChanged: false Elapsed: 18ms
Info 425  [1:20:10.319] Different program with same set of files:: oldProgram.structureIsReused:: 2
Info 426  [1:20:15.639] Starting updateGraphWorker: Project: /home/tekipeps/Desktop/Part9/PatientorBackend/tsconfig.json
Info 427  [1:20:15.655] Finishing updateGraphWorker: Project: /home/tekipeps/Desktop/Part9/PatientorBackend/tsconfig.json Version: 77 structureChanged: false Elapsed: 16ms
Info 428  [1:20:15.655] Different program with same set of files:: oldProgram.structureIsReused:: 2
Info 429  [1:20:15.655] getCompletionData: Get current token: 0
Info 430  [1:20:15.655] getCompletionData: Is inside comment: 0
Info 431  [1:20:15.655] getCompletionData: Get previous token 1: 0
Info 432  [1:20:15.655] getCompletionData: Get previous token 2: 0
Info 433  [1:20:15.655] getCompletionsAtPosition: isCompletionListBlocker: 0
Info 434  [1:20:15.701] getCompletionData: Semantic work: 45
Info 435  [1:20:15.930] Starting updateGraphWorker: Project: /home/tekipeps/Desktop/Part9/PatientorBackend/tsconfig.json
Info 436  [1:20:15.942] Finishing updateGraphWorker: Project: /home/tekipeps/Desktop/Part9/PatientorBackend/tsconfig.json Version: 78 structureChanged: false Elapsed: 12ms
Info 437  [1:20:15.942] Different program with same set of files:: oldProgram.structureIsReused:: 2
Info 438  [1:20:15.943] getCompletionData: Get current token: 0
Info 439  [1:20:15.943] getCompletionData: Is inside comment: 0
Info 440  [1:20:15.943] getCompletionData: Get previous token 1: 0
Info 441  [1:20:15.943] getCompletionData: Get previous token 2: 0
Info 442  [1:20:15.943] getCompletionsAtPosition: isCompletionListBlocker: 0
Info 443  [1:20:15.990] getCompletionData: Semantic work: 47
Info 444  [1:20:16.63] Starting updateGraphWorker: Project: /home/tekipeps/Desktop/Part9/PatientorBackend/tsconfig.json
Info 445  [1:20:16.92] Finishing updateGraphWorker: Project: /home/tekipeps/Desktop/Part9/PatientorBackend/tsconfig.json Version: 79 structureChanged: false Elapsed: 29ms
Info 446  [1:20:16.92] Different program with same set of files:: oldProgram.structureIsReused:: 2
Info 447  [1:20:16.431] Starting updateGraphWorker: Project: /home/tekipeps/Desktop/Part9/PatientorBackend/tsconfig.json
Info 448  [1:20:16.441] Finishing updateGraphWorker: Project: /home/tekipeps/Desktop/Part9/PatientorBackend/tsconfig.json Version: 80 structureChanged: false Elapsed: 10ms
Info 449  [1:20:16.442] Different program with same set of files:: oldProgram.structureIsReused:: 2
Info 450  [1:20:16.443] getCompletionData: Get current token: 0
Info 451  [1:20:16.443] getCompletionData: Is inside comment: 0
Info 452  [1:20:16.443] getCompletionData: Get previous token 1: 0
Info 453  [1:20:16.443] getCompletionData: Get previous token 2: 0
Info 454  [1:20:16.443] getCompletionsAtPosition: isCompletionListBlocker: 0
Info 455  [1:20:16.498] getCompletionData: Semantic work: 55
Info 456  [1:20:16.711] Starting updateGraphWorker: Project: /home/tekipeps/Desktop/Part9/PatientorBackend/tsconfig.json
Info 457  [1:20:16.744] Finishing updateGraphWorker: Project: /home/tekipeps/Desktop/Part9/PatientorBackend/tsconfig.json Version: 81 structureChanged: false Elapsed: 33ms
Info 458  [1:20:16.744] Different program with same set of files:: oldProgram.structureIsReused:: 2
Info 459  [1:20:16.745] getCompletionData: Get current token: 0
Info 460  [1:20:16.745] getCompletionData: Is inside comment: 0
Info 461  [1:20:16.745] getCompletionData: Get previous token 1: 0
Info 462  [1:20:16.745] getCompletionData: Get previous token 2: 0
Info 463  [1:20:16.745] getCompletionsAtPosition: isCompletionListBlocker: 0
Info 464  [1:20:16.804] getCompletionData: Semantic work: 59
Info 465  [1:20:17.139] Starting updateGraphWorker: Project: /home/tekipeps/Desktop/Part9/PatientorBackend/tsconfig.json
Info 466  [1:20:17.151] Finishing updateGraphWorker: Project: /home/tekipeps/Desktop/Part9/PatientorBackend/tsconfig.json Version: 82 structureChanged: false Elapsed: 12ms
Info 467  [1:20:17.151] Different program with same set of files:: oldProgram.structureIsReused:: 2
Info 468  [1:20:17.240] getCompletionData: Get current token: 0
Info 469  [1:20:17.241] getCompletionData: Is inside comment: 0
Info 470  [1:20:17.241] getCompletionData: Get previous token 1: 0
Info 471  [1:20:17.241] getCompletionData: Get previous token 2: 0
Info 472  [1:20:17.241] getCompletionsAtPosition: isCompletionListBlocker: 0
Info 473  [1:20:17.301] getCompletionData: Semantic work: 60
Info 474  [1:20:17.535] forEachExternalModuleToImportFrom: filtered out 11 modules by package.json contents
Info 475  [1:20:17.569] forEachExternalModuleToImportFrom: filtered out 11 modules by package.json contents
Info 476  [1:20:18.261] Starting updateGraphWorker: Project: /home/tekipeps/Desktop/Part9/PatientorBackend/tsconfig.json
Info 477  [1:20:18.278] Finishing updateGraphWorker: Project: /home/tekipeps/Desktop/Part9/PatientorBackend/tsconfig.json Version: 83 structureChanged: false Elapsed: 17ms
Info 478  [1:20:18.278] Different program with same set of files:: oldProgram.structureIsReused:: 2
Info 479  [1:20:18.586] forEachExternalModuleToImportFrom: filtered out 11 modules by package.json contents
Info 480  [1:20:18.602] forEachExternalModuleToImportFrom: filtered out 11 modules by package.json contents
Info 481  [1:20:18.822] Starting updateGraphWorker: Project: /home/tekipeps/Desktop/Part9/PatientorBackend/tsconfig.json
Info 482  [1:20:18.837] Finishing updateGraphWorker: Project: /home/tekipeps/Desktop/Part9/PatientorBackend/tsconfig.json Version: 84 structureChanged: false Elapsed: 15ms
Info 483  [1:20:18.837] Different program with same set of files:: oldProgram.structureIsReused:: 2
Info 484  [1:20:23.767] Starting updateGraphWorker: Project: /home/tekipeps/Desktop/Part9/PatientorBackend/tsconfig.json
Info 485  [1:20:23.783] Finishing updateGraphWorker: Project: /home/tekipeps/Desktop/Part9/PatientorBackend/tsconfig.json Version: 85 structureChanged: false Elapsed: 16ms
Info 486  [1:20:23.783] Different program with same set of files:: oldProgram.structureIsReused:: 2
Info 487  [1:22:39.633] getCompletionData: Get current token: 0
Info 488  [1:22:39.633] getCompletionData: Is inside comment: 0
Info 489  [1:22:39.633] getCompletionData: Get previous token 1: 0
Info 490  [1:22:39.633] getCompletionData: Get previous token 2: 0
Info 491  [1:22:39.633] getCompletionsAtPosition: isCompletionListBlocker: 0
Info 492  [1:22:39.633] Returning an empty list because completion was requested in an invalid position.
Info 493  [1:23:2.499] Starting updateGraphWorker: Project: /home/tekipeps/Desktop/Part9/PatientorBackend/tsconfig.json
Info 494  [1:23:2.518] Finishing updateGraphWorker: Project: /home/tekipeps/Desktop/Part9/PatientorBackend/tsconfig.json Version: 86 structureChanged: false Elapsed: 19ms
Info 495  [1:23:2.518] Different program with same set of files:: oldProgram.structureIsReused:: 2
Info 496  [1:23:4.166] Starting updateGraphWorker: Project: /home/tekipeps/Desktop/Part9/PatientorBackend/tsconfig.json
Info 497  [1:23:4.188] Finishing updateGraphWorker: Project: /home/tekipeps/Desktop/Part9/PatientorBackend/tsconfig.json Version: 87 structureChanged: false Elapsed: 21ms
Info 498  [1:23:4.188] Different program with same set of files:: oldProgram.structureIsReused:: 2
Info 499  [1:23:4.445] Starting updateGraphWorker: Project: /home/tekipeps/Desktop/Part9/PatientorBackend/tsconfig.json
Info 500  [1:23:4.459] Finishing updateGraphWorker: Project: /home/tekipeps/Desktop/Part9/PatientorBackend/tsconfig.json Version: 88 structureChanged: false Elapsed: 13ms
Info 501  [1:23:4.459] Different program with same set of files:: oldProgram.structureIsReused:: 2
Info 502  [1:23:6.798] Starting updateGraphWorker: Project: /home/tekipeps/Desktop/Part9/PatientorBackend/tsconfig.json
Info 503  [1:23:6.811] Finishing updateGraphWorker: Project: /home/tekipeps/Desktop/Part9/PatientorBackend/tsconfig.json Version: 89 structureChanged: false Elapsed: 13ms
Info 504  [1:23:6.811] Different program with same set of files:: oldProgram.structureIsReused:: 2
Info 505  [1:23:8.824] Starting updateGraphWorker: Project: /home/tekipeps/Desktop/Part9/PatientorBackend/tsconfig.json
Info 506  [1:23:8.840] Finishing updateGraphWorker: Project: /home/tekipeps/Desktop/Part9/PatientorBackend/tsconfig.json Version: 90 structureChanged: false Elapsed: 16ms
Info 507  [1:23:8.840] Different program with same set of files:: oldProgram.structureIsReused:: 2
Info 508  [1:23:9.336] Starting updateGraphWorker: Project: /home/tekipeps/Desktop/Part9/PatientorBackend/tsconfig.json
Info 509  [1:23:9.363] Finishing updateGraphWorker: Project: /home/tekipeps/Desktop/Part9/PatientorBackend/tsconfig.json Version: 91 structureChanged: false Elapsed: 27ms
Info 510  [1:23:9.364] Different program with same set of files:: oldProgram.structureIsReused:: 2
Info 511  [1:23:9.608] Starting updateGraphWorker: Project: /home/tekipeps/Desktop/Part9/PatientorBackend/tsconfig.json
Info 512  [1:23:9.620] Finishing updateGraphWorker: Project: /home/tekipeps/Desktop/Part9/PatientorBackend/tsconfig.json Version: 92 structureChanged: false Elapsed: 12ms
Info 513  [1:23:9.620] Different program with same set of files:: oldProgram.structureIsReused:: 2
Info 514  [1:23:15.912] Starting updateGraphWorker: Project: /home/tekipeps/Desktop/Part9/PatientorBackend/tsconfig.json
Info 515  [1:23:15.927] Finishing updateGraphWorker: Project: /home/tekipeps/Desktop/Part9/PatientorBackend/tsconfig.json Version: 93 structureChanged: false Elapsed: 15ms
Info 516  [1:23:15.927] Different program with same set of files:: oldProgram.structureIsReused:: 2
Info 517  [1:23:34.746] Starting updateGraphWorker: Project: /home/tekipeps/Desktop/Part9/PatientorBackend/tsconfig.json
Info 518  [1:23:34.757] Finishing updateGraphWorker: Project: /home/tekipeps/Desktop/Part9/PatientorBackend/tsconfig.json Version: 94 structureChanged: false Elapsed: 11ms
Info 519  [1:23:34.757] Different program with same set of files:: oldProgram.structureIsReused:: 2
Info 520  [1:25:24.292] Starting updateGraphWorker: Project: /home/tekipeps/Desktop/Part9/PatientorBackend/tsconfig.json
Info 521  [1:25:24.308] Finishing updateGraphWorker: Project: /home/tekipeps/Desktop/Part9/PatientorBackend/tsconfig.json Version: 95 structureChanged: false Elapsed: 16ms
Info 522  [1:25:24.308] Different program with same set of files:: oldProgram.structureIsReused:: 2
Info 523  [1:25:25.503] Starting updateGraphWorker: Project: /home/tekipeps/Desktop/Part9/PatientorBackend/tsconfig.json
Info 524  [1:25:25.517] Finishing updateGraphWorker: Project: /home/tekipeps/Desktop/Part9/PatientorBackend/tsconfig.json Version: 96 structureChanged: false Elapsed: 14ms
Info 525  [1:25:25.517] Different program with same set of files:: oldProgram.structureIsReused:: 2
Info 526  [1:25:25.518] getCompletionData: Get current token: 0
Info 527  [1:25:25.518] getCompletionData: Is inside comment: 0
Info 528  [1:25:25.518] getCompletionData: Get previous token 1: 0
Info 529  [1:25:25.518] getCompletionData: Get previous token 2: 0
Info 530  [1:25:25.518] getCompletionsAtPosition: isCompletionListBlocker: 0
Info 531  [1:25:25.520] getCompletionData: Semantic work: 2
Info 532  [1:25:25.520] getCompletionsAtPosition: getCompletionEntriesFromSymbols: 0
Info 533  [1:25:25.846] Starting updateGraphWorker: Project: /home/tekipeps/Desktop/Part9/PatientorBackend/tsconfig.json
Info 534  [1:25:25.860] Finishing updateGraphWorker: Project: /home/tekipeps/Desktop/Part9/PatientorBackend/tsconfig.json Version: 97 structureChanged: false Elapsed: 14ms
Info 535  [1:25:25.860] Different program with same set of files:: oldProgram.structureIsReused:: 2
Info 536  [1:25:26.73] Starting updateGraphWorker: Project: /home/tekipeps/Desktop/Part9/PatientorBackend/tsconfig.json
Info 537  [1:25:26.85] Finishing updateGraphWorker: Project: /home/tekipeps/Desktop/Part9/PatientorBackend/tsconfig.json Version: 98 structureChanged: false Elapsed: 12ms
Info 538  [1:25:26.85] Different program with same set of files:: oldProgram.structureIsReused:: 2
Info 539  [1:25:26.85] Starting updateGraphWorker: Project: /home/tekipeps/Desktop/Part9/PatientorBackend/tsconfig.json
Info 540  [1:25:26.93] Finishing updateGraphWorker: Project: /home/tekipeps/Desktop/Part9/PatientorBackend/tsconfig.json Version: 99 structureChanged: false Elapsed: 8ms
Info 541  [1:25:26.93] Different program with same set of files:: oldProgram.structureIsReused:: 2
Info 542  [1:25:26.708] Starting updateGraphWorker: Project: /home/tekipeps/Desktop/Part9/PatientorBackend/tsconfig.json
Info 543  [1:25:26.715] Finishing updateGraphWorker: Project: /home/tekipeps/Desktop/Part9/PatientorBackend/tsconfig.json Version: 100 structureChanged: false Elapsed: 6ms
Info 544  [1:25:26.715] Different program with same set of files:: oldProgram.structureIsReused:: 2
Info 545  [1:25:26.716] getCompletionData: Get current token: 0
Info 546  [1:25:26.716] getCompletionData: Is inside comment: 0
Info 547  [1:25:26.716] getCompletionData: Get previous token 1: 0
Info 548  [1:25:26.716] getCompletionData: Get previous token 2: 0
Info 549  [1:25:26.716] getCompletionsAtPosition: isCompletionListBlocker: 0
Info 550  [1:25:26.717] getCompletionData: Semantic work: 1
Info 551  [1:25:28.145] Starting updateGraphWorker: Project: /home/tekipeps/Desktop/Part9/PatientorBackend/tsconfig.json
Info 552  [1:25:28.163] Finishing updateGraphWorker: Project: /home/tekipeps/Desktop/Part9/PatientorBackend/tsconfig.json Version: 101 structureChanged: false Elapsed: 18ms
Info 553  [1:25:28.163] Different program with same set of files:: oldProgram.structureIsReused:: 2
Info 554  [1:25:30.184] Starting updateGraphWorker: Project: /home/tekipeps/Desktop/Part9/PatientorBackend/tsconfig.json
Info 555  [1:25:30.208] Finishing updateGraphWorker: Project: /home/tekipeps/Desktop/Part9/PatientorBackend/tsconfig.json Version: 102 structureChanged: false Elapsed: 24ms
Info 556  [1:25:30.208] Different program with same set of files:: oldProgram.structureIsReused:: 2
Info 557  [1:25:30.991] Starting updateGraphWorker: Project: /home/tekipeps/Desktop/Part9/PatientorBackend/tsconfig.json
Info 558  [1:25:31.12] Finishing updateGraphWorker: Project: /home/tekipeps/Desktop/Part9/PatientorBackend/tsconfig.json Version: 103 structureChanged: false Elapsed: 21ms
Info 559  [1:25:31.12] Different program with same set of files:: oldProgram.structureIsReused:: 2
Info 560  [1:25:41.585] Starting updateGraphWorker: Project: /home/tekipeps/Desktop/Part9/PatientorBackend/tsconfig.json
Info 561  [1:25:41.605] Finishing updateGraphWorker: Project: /home/tekipeps/Desktop/Part9/PatientorBackend/tsconfig.json Version: 104 structureChanged: false Elapsed: 20ms
Info 562  [1:25:41.605] Different program with same set of files:: oldProgram.structureIsReused:: 2
Info 563  [1:25:42.603] Starting updateGraphWorker: Project: /home/tekipeps/Desktop/Part9/PatientorBackend/tsconfig.json
Info 564  [1:25:42.623] Finishing updateGraphWorker: Project: /home/tekipeps/Desktop/Part9/PatientorBackend/tsconfig.json Version: 105 structureChanged: false Elapsed: 20ms
Info 565  [1:25:42.623] Different program with same set of files:: oldProgram.structureIsReused:: 2
Info 566  [1:25:43.78] Starting updateGraphWorker: Project: /home/tekipeps/Desktop/Part9/PatientorBackend/tsconfig.json
Info 567  [1:25:43.98] Finishing updateGraphWorker: Project: /home/tekipeps/Desktop/Part9/PatientorBackend/tsconfig.json Version: 106 structureChanged: false Elapsed: 20ms
Info 568  [1:25:43.98] Different program with same set of files:: oldProgram.structureIsReused:: 2
Info 569  [1:25:44.530] Starting updateGraphWorker: Project: /home/tekipeps/Desktop/Part9/PatientorBackend/tsconfig.json
Info 570  [1:25:44.552] Finishing updateGraphWorker: Project: /home/tekipeps/Desktop/Part9/PatientorBackend/tsconfig.json Version: 107 structureChanged: false Elapsed: 21ms
Info 571  [1:25:44.552] Different program with same set of files:: oldProgram.structureIsReused:: 2
Info 572  [1:25:45.222] Starting updateGraphWorker: Project: /home/tekipeps/Desktop/Part9/PatientorBackend/tsconfig.json
Info 573  [1:25:45.246] Finishing updateGraphWorker: Project: /home/tekipeps/Desktop/Part9/PatientorBackend/tsconfig.json Version: 108 structureChanged: false Elapsed: 24ms
Info 574  [1:25:45.246] Different program with same set of files:: oldProgram.structureIsReused:: 2
Info 575  [1:25:46.245] Starting updateGraphWorker: Project: /home/tekipeps/Desktop/Part9/PatientorBackend/tsconfig.json
Info 576  [1:25:46.263] Finishing updateGraphWorker: Project: /home/tekipeps/Desktop/Part9/PatientorBackend/tsconfig.json Version: 109 structureChanged: false Elapsed: 18ms
Info 577  [1:25:46.263] Different program with same set of files:: oldProgram.structureIsReused:: 2
Info 578  [1:25:47.209] Starting updateGraphWorker: Project: /home/tekipeps/Desktop/Part9/PatientorBackend/tsconfig.json
Info 579  [1:25:47.222] Finishing updateGraphWorker: Project: /home/tekipeps/Desktop/Part9/PatientorBackend/tsconfig.json Version: 110 structureChanged: false Elapsed: 13ms
Info 580  [1:25:47.222] Different program with same set of files:: oldProgram.structureIsReused:: 2
Info 581  [1:25:52.576] Starting updateGraphWorker: Project: /home/tekipeps/Desktop/Part9/PatientorBackend/tsconfig.json
Info 582  [1:25:52.590] Finishing updateGraphWorker: Project: /home/tekipeps/Desktop/Part9/PatientorBackend/tsconfig.json Version: 111 structureChanged: false Elapsed: 13ms
Info 583  [1:25:52.590] Different program with same set of files:: oldProgram.structureIsReused:: 2
Info 584  [1:27:30.955] Search path: /home/tekipeps/Desktop/Part9/PatientorBackend
Info 585  [1:27:30.955] For info: /home/tekipeps/Desktop/Part9/PatientorBackend/types.ts :: Config file name: /home/tekipeps/Desktop/Part9/PatientorBackend/tsconfig.json
Info 586  [1:27:52.512] Starting updateGraphWorker: Project: /home/tekipeps/Desktop/Part9/PatientorBackend/tsconfig.json
Info 587  [1:27:52.523] Finishing updateGraphWorker: Project: /home/tekipeps/Desktop/Part9/PatientorBackend/tsconfig.json Version: 112 structureChanged: false Elapsed: 11ms
Info 588  [1:27:52.524] Different program with same set of files:: oldProgram.structureIsReused:: 2
Info 589  [1:27:53.912] Starting updateGraphWorker: Project: /home/tekipeps/Desktop/Part9/PatientorBackend/tsconfig.json
Info 590  [1:27:53.931] Finishing updateGraphWorker: Project: /home/tekipeps/Desktop/Part9/PatientorBackend/tsconfig.json Version: 113 structureChanged: false Elapsed: 19ms
Info 591  [1:27:53.931] Different program with same set of files:: oldProgram.structureIsReused:: 2
Info 592  [1:27:54.521] Starting updateGraphWorker: Project: /home/tekipeps/Desktop/Part9/PatientorBackend/tsconfig.json
Info 593  [1:27:54.536] Finishing updateGraphWorker: Project: /home/tekipeps/Desktop/Part9/PatientorBackend/tsconfig.json Version: 114 structureChanged: false Elapsed: 15ms
Info 594  [1:27:54.536] Different program with same set of files:: oldProgram.structureIsReused:: 2
Info 595  [1:27:55.571] Starting updateGraphWorker: Project: /home/tekipeps/Desktop/Part9/PatientorBackend/tsconfig.json
Info 596  [1:27:55.587] Finishing updateGraphWorker: Project: /home/tekipeps/Desktop/Part9/PatientorBackend/tsconfig.json Version: 115 structureChanged: false Elapsed: 16ms
Info 597  [1:27:55.587] Different program with same set of files:: oldProgram.structureIsReused:: 2
Info 598  [1:27:55.888] Starting updateGraphWorker: Project: /home/tekipeps/Desktop/Part9/PatientorBackend/tsconfig.json
Info 599  [1:27:55.903] Finishing updateGraphWorker: Project: /home/tekipeps/Desktop/Part9/PatientorBackend/tsconfig.json Version: 116 structureChanged: false Elapsed: 15ms
Info 600  [1:27:55.903] Different program with same set of files:: oldProgram.structureIsReused:: 2
Info 601  [1:27:55.903] getCompletionData: Get current token: 0
Info 602  [1:27:55.903] getCompletionData: Is inside comment: 0
Info 603  [1:27:55.903] getCompletionData: Get previous token 1: 0
Info 604  [1:27:55.903] getCompletionData: Get previous token 2: 0
Info 605  [1:27:55.904] getCompletionsAtPosition: isCompletionListBlocker: 1
Info 606  [1:27:55.913] getSymbolsFromOtherSourceFileExports: Recomputing list
Info 607  [1:27:55.935] forEachExternalModuleToImportFrom: filtered out 11 modules by package.json contents
Info 608  [1:27:55.938] getSymbolsFromOtherSourceFileExports: 25
Info 609  [1:27:55.945] getCompletionData: Semantic work: 41
Info 610  [1:27:55.955] getCompletionsAtPosition: getCompletionEntriesFromSymbols: 10
Info 611  [1:27:55.974] Starting updateGraphWorker: Project: /home/tekipeps/Desktop/Part9/PatientorBackend/tsconfig.json
Info 612  [1:27:55.979] Finishing updateGraphWorker: Project: /home/tekipeps/Desktop/Part9/PatientorBackend/tsconfig.json Version: 117 structureChanged: false Elapsed: 5ms
Info 613  [1:27:55.979] Different program with same set of files:: oldProgram.structureIsReused:: 2
Info 614  [1:27:56.131] getCompletionData: Get current token: 0
Info 615  [1:27:56.131] getCompletionData: Is inside comment: 0
Info 616  [1:27:56.131] getCompletionData: Get previous token 1: 0
Info 617  [1:27:56.131] getCompletionData: Get previous token 2: 0
Info 618  [1:27:56.131] getCompletionsAtPosition: isCompletionListBlocker: 0
Info 619  [1:27:56.135] getSymbolsFromOtherSourceFileExports: Using cached list
Info 620  [1:27:56.141] getCompletionData: Semantic work: 10
Info 621  [1:27:56.147] getCompletionsAtPosition: getCompletionEntriesFromSymbols: 6
Info 622  [1:27:56.162] Starting updateGraphWorker: Project: /home/tekipeps/Desktop/Part9/PatientorBackend/tsconfig.json
Info 623  [1:27:56.171] Finishing updateGraphWorker: Project: /home/tekipeps/Desktop/Part9/PatientorBackend/tsconfig.json Version: 118 structureChanged: false Elapsed: 9ms
Info 624  [1:27:56.172] Different program with same set of files:: oldProgram.structureIsReused:: 2
Info 625  [1:27:56.769] Starting updateGraphWorker: Project: /home/tekipeps/Desktop/Part9/PatientorBackend/tsconfig.json
Info 626  [1:27:56.783] Finishing updateGraphWorker: Project: /home/tekipeps/Desktop/Part9/PatientorBackend/tsconfig.json Version: 119 structureChanged: false Elapsed: 14ms
Info 627  [1:27:56.783] Different program with same set of files:: oldProgram.structureIsReused:: 2
Info 628  [1:27:56.783] getCompletionData: Get current token: 0
Info 629  [1:27:56.783] getCompletionData: Is inside comment: 0
Info 630  [1:27:56.783] getCompletionData: Get previous token 1: 0
Info 631  [1:27:56.783] getCompletionData: Get previous token 2: 0
Info 632  [1:27:56.783] getCompletionsAtPosition: isCompletionListBlocker: 0
Info 633  [1:27:56.787] getSymbolsFromOtherSourceFileExports: Using cached list
Info 634  [1:27:56.792] getCompletionData: Semantic work: 9
Info 635  [1:27:56.801] getCompletionsAtPosition: getCompletionEntriesFromSymbols: 7
Info 636  [1:27:56.819] Starting updateGraphWorker: Project: /home/tekipeps/Desktop/Part9/PatientorBackend/tsconfig.json
Info 637  [1:27:56.823] Finishing updateGraphWorker: Project: /home/tekipeps/Desktop/Part9/PatientorBackend/tsconfig.json Version: 120 structureChanged: false Elapsed: 4ms
Info 638  [1:27:56.823] Different program with same set of files:: oldProgram.structureIsReused:: 2
Info 639  [1:27:57.3] getCompletionData: Get current token: 0
Info 640  [1:27:57.3] getCompletionData: Is inside comment: 0
Info 641  [1:27:57.3] getCompletionData: Get previous token 1: 0
Info 642  [1:27:57.3] getCompletionData: Get previous token 2: 0
Info 643  [1:27:57.4] getCompletionsAtPosition: isCompletionListBlocker: 1
Info 644  [1:27:57.8] getSymbolsFromOtherSourceFileExports: Using cached list
Info 645  [1:27:57.14] getCompletionData: Semantic work: 10
Info 646  [1:27:57.23] getCompletionsAtPosition: getCompletionEntriesFromSymbols: 8
Info 647  [1:28:4.306] Starting updateGraphWorker: Project: /home/tekipeps/Desktop/Part9/PatientorBackend/tsconfig.json
Info 648  [1:28:4.319] Finishing updateGraphWorker: Project: /home/tekipeps/Desktop/Part9/PatientorBackend/tsconfig.json Version: 121 structureChanged: false Elapsed: 13ms
Info 649  [1:28:4.319] Different program with same set of files:: oldProgram.structureIsReused:: 2
